# JRE version: OpenJDK Runtime Environment (19.0.1+10) (build 19.0.1+10-21)
# Java VM: OpenJDK 64-Bit Server VM (19.0.1+10-21, mixed mode, emulated-client, sharing, tiered, compressed oops, compressed class ptrs, g1 gc, windows-amd64)
GC Precious Log:
 CardTable entry size: 512
 Card Set container configuration: InlinePtr #cards 5 size 8 Array Of Cards #cards 12 size 40 Howl #buckets 4 coarsen threshold 1843 Howl Bitmap #cards 512 size 80 coarsen threshold 460 Card regions per heap region 1 cards per card region 2048
 CPUs: 2 total, 2 available
 Memory: 3460M
 Large Page Support: Disabled
 NUMA Support: Disabled
 Compressed Oops: Enabled (32-bit)
 Heap Region Size: 1M
 Heap Min Capacity: 8M
 Heap Initial Capacity: 56M
 Heap Max Capacity: 866M
 Pre-touch: Disabled
 Parallel Workers: 2
 Concurrent Workers: 1
 Concurrent Refinement Workers: 2
 Periodic GC: Disabled
Heap:
 garbage-first heap   total 107520K, used 42142K [0x00000000c9e00000, 0x0000000100000000)
  region size 1024K, 23 young (23552K), 2 survivors (2048K)
 Metaspace       used 49846K, committed 50432K, reserved 1114112K
  class space    used 6787K, committed 7040K, reserved 1048576K
GC Heap History (20 events):
Event: 14.322 GC heap before
{Heap before GC invocations=5 (full 0):
 garbage-first heap   total 57344K, used 39083K [0x00000000c9e00000, 0x0000000100000000)
  region size 1024K, 32 young (32768K), 4 survivors (4096K)
 Metaspace       used 19687K, committed 20096K, reserved 1114112K
  class space    used 2494K, committed 2688K, reserved 1048576K
}
Event: 14.331 GC heap after
{Heap after GC invocations=6 (full 0):
 garbage-first heap   total 57344K, used 12483K [0x00000000c9e00000, 0x0000000100000000)
  region size 1024K, 4 young (4096K), 4 survivors (4096K)
 Metaspace       used 19687K, committed 20096K, reserved 1114112K
  class space    used 2494K, committed 2688K, reserved 1048576K
}
Event: 15.226 GC heap before
{Heap before GC invocations=6 (full 0):
 garbage-first heap   total 57344K, used 22723K [0x00000000c9e00000, 0x0000000100000000)
  region size 1024K, 15 young (15360K), 4 survivors (4096K)
 Metaspace       used 21144K, committed 21504K, reserved 1114112K
  class space    used 2684K, committed 2880K, reserved 1048576K
}
Event: 15.236 GC heap after
{Heap after GC invocations=7 (full 0):
 garbage-first heap   total 57344K, used 13576K [0x00000000c9e00000, 0x0000000100000000)
  region size 1024K, 1 young (1024K), 1 survivors (1024K)
 Metaspace       used 21144K, committed 21504K, reserved 1114112K
  class space    used 2684K, committed 2880K, reserved 1048576K
}
Event: 16.421 GC heap before
{Heap before GC invocations=8 (full 0):
 garbage-first heap   total 51200K, used 42248K [0x00000000c9e00000, 0x0000000100000000)
  region size 1024K, 30 young (30720K), 1 survivors (1024K)
 Metaspace       used 25606K, committed 26048K, reserved 1114112K
  class space    used 3386K, committed 3584K, reserved 1048576K
}
Event: 16.439 GC heap after
{Heap after GC invocations=9 (full 0):
 garbage-first heap   total 51200K, used 16043K [0x00000000c9e00000, 0x0000000100000000)
  region size 1024K, 4 young (4096K), 4 survivors (4096K)
 Metaspace       used 25606K, committed 26048K, reserved 1114112K
  class space    used 3386K, committed 3584K, reserved 1048576K
}
Event: 16.472 GC heap before
{Heap before GC invocations=9 (full 0):
 garbage-first heap   total 51200K, used 17067K [0x00000000c9e00000, 0x0000000100000000)
  region size 1024K, 5 young (5120K), 4 survivors (4096K)
 Metaspace       used 25742K, committed 26240K, reserved 1114112K
  class space    used 3402K, committed 3648K, reserved 1048576K
}
Event: 16.491 GC heap after
{Heap after GC invocations=10 (full 0):
 garbage-first heap   total 51200K, used 16340K [0x00000000c9e00000, 0x0000000100000000)
  region size 1024K, 1 young (1024K), 1 survivors (1024K)
 Metaspace       used 25742K, committed 26240K, reserved 1114112K
  class space    used 3402K, committed 3648K, reserved 1048576K
}
Event: 17.676 GC heap before
{Heap before GC invocations=10 (full 0):
 garbage-first heap   total 51200K, used 36820K [0x00000000c9e00000, 0x0000000100000000)
  region size 1024K, 22 young (22528K), 1 survivors (1024K)
 Metaspace       used 29027K, committed 29632K, reserved 1114112K
  class space    used 3826K, committed 4096K, reserved 1048576K
}
Event: 17.684 GC heap after
{Heap after GC invocations=11 (full 0):
 garbage-first heap   total 51200K, used 17589K [0x00000000c9e00000, 0x0000000100000000)
  region size 1024K, 2 young (2048K), 2 survivors (2048K)
 Metaspace       used 29027K, committed 29632K, reserved 1114112K
  class space    used 3826K, committed 4096K, reserved 1048576K
}
Event: 18.342 GC heap before
{Heap before GC invocations=11 (full 0):
 garbage-first heap   total 51200K, used 39093K [0x00000000c9e00000, 0x0000000100000000)
  region size 1024K, 23 young (23552K), 2 survivors (2048K)
 Metaspace       used 34129K, committed 34688K, reserved 1114112K
  class space    used 4547K, committed 4800K, reserved 1048576K
}
Event: 18.347 GC heap after
{Heap after GC invocations=12 (full 0):
 garbage-first heap   total 51200K, used 18629K [0x00000000c9e00000, 0x0000000100000000)
  region size 1024K, 1 young (1024K), 1 survivors (1024K)
 Metaspace       used 34129K, committed 34688K, reserved 1114112K
  class space    used 4547K, committed 4800K, reserved 1048576K
}
Event: 18.483 GC heap before
{Heap before GC invocations=12 (full 0):
 garbage-first heap   total 51200K, used 23749K [0x00000000c9e00000, 0x0000000100000000)
  region size 1024K, 7 young (7168K), 1 survivors (1024K)
 Metaspace       used 35388K, committed 35968K, reserved 1114112K
  class space    used 4702K, committed 4992K, reserved 1048576K
}
Event: 18.486 GC heap after
{Heap after GC invocations=13 (full 0):
 garbage-first heap   total 51200K, used 19121K [0x00000000c9e00000, 0x0000000100000000)
  region size 1024K, 2 young (2048K), 2 survivors (2048K)
 Metaspace       used 35388K, committed 35968K, reserved 1114112K
  class space    used 4702K, committed 4992K, reserved 1048576K
}
Event: 19.460 GC heap before
{Heap before GC invocations=14 (full 0):
 garbage-first heap   total 51200K, used 38577K [0x00000000c9e00000, 0x0000000100000000)
  region size 1024K, 22 young (22528K), 2 survivors (2048K)
 Metaspace       used 40254K, committed 40832K, reserved 1114112K
  class space    used 5328K, committed 5568K, reserved 1048576K
}
Event: 19.465 GC heap after
{Heap after GC invocations=15 (full 0):
 garbage-first heap   total 51200K, used 20714K [0x00000000c9e00000, 0x0000000100000000)
  region size 1024K, 3 young (3072K), 3 survivors (3072K)
 Metaspace       used 40254K, committed 40832K, reserved 1114112K
  class space    used 5328K, committed 5568K, reserved 1048576K
}
Event: 19.489 GC heap before
{Heap before GC invocations=15 (full 0):
 garbage-first heap   total 51200K, used 21738K [0x00000000c9e00000, 0x0000000100000000)
  region size 1024K, 4 young (4096K), 3 survivors (3072K)
 Metaspace       used 40448K, committed 41024K, reserved 1114112K
  class space    used 5357K, committed 5632K, reserved 1048576K
}
Event: 19.495 GC heap after
{Heap after GC invocations=16 (full 0):
 garbage-first heap   total 51200K, used 20911K [0x00000000c9e00000, 0x0000000100000000)
  region size 1024K, 1 young (1024K), 1 survivors (1024K)
 Metaspace       used 40448K, committed 41024K, reserved 1114112K
  class space    used 5357K, committed 5632K, reserved 1048576K
}
Event: 20.000 GC heap before
{Heap before GC invocations=16 (full 0):
 garbage-first heap   total 51200K, used 39343K [0x00000000c9e00000, 0x0000000100000000)
  region size 1024K, 20 young (20480K), 1 survivors (1024K)
 Metaspace       used 45559K, committed 46208K, reserved 1114112K
  class space    used 6091K, committed 6400K, reserved 1048576K
}
Event: 20.004 GC heap after
{Heap after GC invocations=17 (full 0):
 garbage-first heap   total 107520K, used 21662K [0x00000000c9e00000, 0x0000000100000000)
  region size 1024K, 2 young (2048K), 2 survivors (2048K)
 Metaspace       used 45559K, committed 46208K, reserved 1114112K
  class space    used 6091K, committed 6400K, reserved 1048576K
}

